<?xml version="1.0" encoding="UTF-8"?>
<Site BuildName="(empty)"
	BuildStamp="20250708-0353-Experimental"
	Name="chan-MS-7D42"
	Generator="ctest-3.16.3"
	CompilerName="/usr/bin/g++"
	CompilerVersion="9.4.0"
	OSName="Linux"
	Hostname="chan-MS-7D42"
	OSRelease="5.15.0-139-generic"
	OSVersion="#149~20.04.1-Ubuntu SMP Wed Apr 16 08:29:56 UTC 2025"
	OSPlatform="x86_64"
	Is64Bits="1"
	VendorString="GenuineIntel"
	VendorID="Intel Corporation"
	FamilyID="6"
	ModelID="191"
	ProcessorCacheSize="20480"
	NumberOfLogicalCPU="16"
	NumberOfPhysicalCPU="10"
	TotalVirtualMemory="2047"
	TotalPhysicalMemory="15837"
	LogicalProcessorsPerPhysical="1"
	ProcessorClockFrequency="4101.73"
	>
	<Testing>
		<StartDateTime>Jul 08 12:53 KST</StartDateTime>
		<StartTestTime>1751946802</StartTestTime>
		<TestList/>
		<EndDateTime>Jul 08 12:53 KST</EndDateTime>
		<EndTestTime>1751946802</EndTestTime>
		<ElapsedMinutes>0</ElapsedMinutes>
	</Testing>
</Site>
